2020-10-26 08:48:52 INFO     CLIENT: client #58201178537480 ready
2020-10-26 08:48:52 INFO     Found hash
2020-10-26 08:48:52 INFO     CLIENT: hash corrupto
2020-10-26 08:48:52 INFO     Found hash
2020-10-26 08:48:52 INFO     CLIENT: hash corrupto
2020-10-26 08:48:52 INFO     Found hash
2020-10-26 08:48:52 INFO     CLIENT: hash corrupto
2020-10-26 08:48:52 INFO     Found hash
2020-10-26 08:48:52 INFO     CLIENT: hash corrupto
2020-10-26 08:48:52 INFO     Found hash
2020-10-26 08:48:52 INFO     CLIENT: hash corrupto
2020-10-26 08:48:52 INFO     Found hash
2020-10-26 08:48:52 INFO     CLIENT: hash corrupto
2020-10-26 08:48:52 INFO     Found hash
2020-10-26 08:48:52 INFO     CLIENT: hash corrupto
2020-10-26 08:48:52 INFO     Found hash
2020-10-26 08:48:52 INFO     CLIENT: hash corrupto
2020-10-26 08:48:52 INFO     Found hash
2020-10-26 08:48:52 INFO     CLIENT: hash corrupto
2020-10-26 08:48:53 INFO     Found hash
2020-10-26 08:48:53 INFO     CLIENT: hash corrupto
2020-10-26 08:48:53 INFO     Found hash
2020-10-26 08:48:53 INFO     CLIENT: hash corrupto
2020-10-26 08:48:53 INFO     Found hash
2020-10-26 08:48:53 INFO     CLIENT: hash corrupto
2020-10-26 08:48:53 INFO     Found hash
2020-10-26 08:48:53 INFO     CLIENT: hash corrupto
2020-10-26 08:48:53 INFO     Found hash
2020-10-26 08:48:53 INFO     CLIENT: hash corrupto
2020-10-26 08:48:53 INFO     Found hash
2020-10-26 08:48:53 INFO     CLIENT: hash corrupto
2020-10-26 08:48:53 INFO     Found hash
2020-10-26 08:48:53 INFO     CLIENT: hash corrupto
2020-10-26 08:48:53 INFO     Found hash
2020-10-26 08:48:53 INFO     CLIENT: hash corrupto
2020-10-26 08:48:53 INFO     Found hash
2020-10-26 08:48:53 INFO     CLIENT: hash corrupto
2020-10-26 08:48:53 INFO     Found hash
2020-10-26 08:48:53 INFO     CLIENT: hash corrupto
2020-10-26 08:48:54 INFO     Found hash
2020-10-26 08:48:54 INFO     CLIENT: hash corrupto
2020-10-26 08:48:54 INFO     Found hash
2020-10-26 08:48:54 INFO     CLIENT: hash corrupto
2020-10-26 08:48:54 INFO     Found hash
2020-10-26 08:48:54 INFO     CLIENT: hash corrupto
2020-10-26 08:48:54 INFO     Found hash
2020-10-26 08:48:54 INFO     CLIENT: hash corrupto
2020-10-26 08:48:54 INFO     Found hash
2020-10-26 08:48:54 INFO     CLIENT: hash corrupto
2020-10-26 08:48:54 INFO     Found hash
2020-10-26 08:48:54 INFO     CLIENT: hash corrupto
2020-10-26 08:48:54 INFO     Found hash
2020-10-26 08:48:54 INFO     CLIENT: hash corrupto
2020-10-26 08:48:54 INFO     Found hash
2020-10-26 08:48:54 INFO     CLIENT: hash corrupto
2020-10-26 08:48:54 INFO     Found hash
2020-10-26 08:48:54 INFO     CLIENT: hash corrupto
2020-10-26 08:48:54 INFO     Found hash
2020-10-26 08:48:54 INFO     CLIENT: hash corrupto
2020-10-26 08:48:55 INFO     Found hash
2020-10-26 08:48:55 INFO     CLIENT: hash corrupto
2020-10-26 08:48:55 INFO     Found hash
2020-10-26 08:48:55 INFO     CLIENT: hash corrupto
2020-10-26 08:48:55 INFO     Found hash
2020-10-26 08:48:55 INFO     CLIENT: hash corrupto
2020-10-26 08:48:55 INFO     Found hash
2020-10-26 08:48:55 INFO     CLIENT: hash corrupto
2020-10-26 08:48:55 INFO     Found hash
2020-10-26 08:48:55 INFO     CLIENT: hash corrupto
2020-10-26 08:48:55 INFO     Found hash
2020-10-26 08:48:55 INFO     CLIENT: hash corrupto
2020-10-26 08:48:55 INFO     Found hash
2020-10-26 08:48:55 INFO     CLIENT: hash corrupto
2020-10-26 08:48:55 INFO     Found hash
2020-10-26 08:48:55 INFO     CLIENT: hash corrupto
2020-10-26 08:48:55 INFO     Found hash
2020-10-26 08:48:55 INFO     CLIENT: hash corrupto
2020-10-26 08:48:55 INFO     Found hash
2020-10-26 08:48:55 INFO     CLIENT: hash corrupto
2020-10-26 08:48:56 INFO     Found hash
2020-10-26 08:48:56 INFO     CLIENT: hash corrupto
2020-10-26 08:48:56 INFO     Found hash
2020-10-26 08:48:56 INFO     CLIENT: hash corrupto
2020-10-26 08:48:56 INFO     Found hash
2020-10-26 08:48:56 INFO     CLIENT: hash corrupto
2020-10-26 08:48:56 INFO     Found hash
2020-10-26 08:48:56 INFO     CLIENT: hash corrupto
2020-10-26 08:48:56 INFO     Found hash
2020-10-26 08:48:56 INFO     CLIENT: hash corrupto
2020-10-26 08:48:56 INFO     Found hash
2020-10-26 08:48:56 INFO     CLIENT: hash corrupto
2020-10-26 08:48:56 INFO     Found hash
2020-10-26 08:48:56 INFO     CLIENT: hash corrupto
2020-10-26 08:48:56 INFO     Found hash
2020-10-26 08:48:56 INFO     CLIENT: hash corrupto
2020-10-26 08:48:56 INFO     Found hash
2020-10-26 08:48:56 INFO     CLIENT: hash corrupto
2020-10-26 08:48:56 INFO     Found hash
2020-10-26 08:48:56 INFO     CLIENT: hash corrupto
2020-10-26 08:48:57 INFO     Found hash
2020-10-26 08:48:57 INFO     CLIENT: hash corrupto
2020-10-26 08:48:57 INFO     Found hash
2020-10-26 08:48:57 INFO     CLIENT: hash corrupto
2020-10-26 08:48:57 INFO     Found hash
2020-10-26 08:48:57 INFO     CLIENT: hash corrupto
2020-10-26 08:48:57 INFO     Found hash
2020-10-26 08:48:57 INFO     CLIENT: hash corrupto
2020-10-26 08:48:57 INFO     Found hash
2020-10-26 08:48:57 INFO     CLIENT: hash corrupto
2020-10-26 08:48:57 INFO     Found hash
2020-10-26 08:48:57 INFO     CLIENT: hash corrupto
2020-10-26 08:48:57 INFO     Found hash
2020-10-26 08:48:57 INFO     CLIENT: hash corrupto
2020-10-26 08:48:57 INFO     Found hash
2020-10-26 08:48:57 INFO     CLIENT: hash corrupto
2020-10-26 08:48:57 INFO     Found hash
2020-10-26 08:48:57 INFO     CLIENT: hash corrupto
2020-10-26 08:48:57 INFO     Found hash
2020-10-26 08:48:57 INFO     CLIENT: hash corrupto
2020-10-26 08:48:58 INFO     Found hash
2020-10-26 08:48:58 INFO     CLIENT: hash corrupto
2020-10-26 08:48:58 INFO     Found hash
2020-10-26 08:48:58 INFO     CLIENT: hash corrupto
2020-10-26 08:48:58 INFO     Found hash
2020-10-26 08:48:58 INFO     CLIENT: hash corrupto
2020-10-26 08:48:58 INFO     Found hash
2020-10-26 08:48:58 INFO     CLIENT: hash corrupto
2020-10-26 08:48:58 INFO     Found hash
2020-10-26 08:48:58 INFO     CLIENT: hash corrupto
2020-10-26 08:48:58 INFO     Found hash
2020-10-26 08:48:58 INFO     CLIENT: hash corrupto
2020-10-26 08:48:58 INFO     Found hash
2020-10-26 08:48:58 INFO     CLIENT: hash corrupto
2020-10-26 08:48:58 INFO     Found hash
2020-10-26 08:48:58 INFO     CLIENT: hash corrupto
2020-10-26 08:48:58 INFO     Found hash
2020-10-26 08:48:58 INFO     CLIENT: hash corrupto
2020-10-26 08:48:58 INFO     Found hash
2020-10-26 08:48:58 INFO     CLIENT: hash corrupto
2020-10-26 08:48:59 INFO     Found hash
2020-10-26 08:48:59 INFO     CLIENT: hash corrupto
2020-10-26 08:48:59 INFO     Found hash
2020-10-26 08:48:59 INFO     CLIENT: hash corrupto
2020-10-26 08:48:59 INFO     Found hash
2020-10-26 08:48:59 INFO     CLIENT: hash corrupto
2020-10-26 08:48:59 INFO     Found hash
2020-10-26 08:48:59 INFO     CLIENT: hash corrupto
2020-10-26 08:48:59 INFO     Found hash
2020-10-26 08:48:59 INFO     CLIENT: hash corrupto
2020-10-26 08:48:59 INFO     Found hash
2020-10-26 08:48:59 INFO     CLIENT: hash corrupto
2020-10-26 08:48:59 INFO     CLIENT: Cantidad bytes recibidos 4593323
2020-10-26 08:48:59 INFO     CLIENT: Cantidad paquetes recibidos 224
2020-10-26 08:48:59 INFO     CLIENT: Tiempo del envío 7.543305397033691
2020-10-26 08:48:59 INFO     ---------------------------------------------
