2020-10-25 03:13:03 INFO     Connected to DESKTOP-RAFRA5C on port 50000
2020-10-25 03:13:05 INFO     SERVER: el número de conexiones definido es 1
2020-10-25 03:13:16 INFO     Message received from client: b'Hello UDP Server, I am ready'. IP: 169.254.231.225, port: 55025
2020-10-25 03:13:16 INFO     SERVER thread #0: iniciando
2020-10-25 03:13:16 INFO     SERVER: reiniciando threads
2020-10-25 03:13:16 INFO     SERVER thread #0: el archivo abierto fue ./data/Redes5G.mp4 
2020-10-25 03:13:17 INFO     SERVER thread #0: tiempo del envío 1.6180589199066162
2020-10-25 03:13:19 INFO     Message received from client: b'incorrecto'. IP: 169.254.231.225, port: 55025
2020-10-25 03:13:19 INFO     SERVER thread #0: iniciando
2020-10-25 03:13:19 INFO     SERVER: reiniciando threads
2020-10-25 03:13:19 INFO     SERVER thread #0: el archivo abierto fue ./data/Redes5G.mp4 
2020-10-25 03:13:21 INFO     SERVER thread #0: tiempo del envío 1.3454983234405518
2020-10-25 03:14:09 INFO     Connected to DESKTOP-RAFRA5C on port 50000
2020-10-25 03:14:10 INFO     SERVER: el número de conexiones definido es 1
2020-10-25 03:14:14 INFO     Message received from client: b'Hello UDP Server, I am ready'. IP: 169.254.231.225, port: 59884
2020-10-25 03:14:14 INFO     SERVER thread #0: iniciando
2020-10-25 03:14:14 INFO     SERVER: reiniciando threads
2020-10-25 03:14:14 INFO     SERVER thread #0: el archivo abierto fue ./data/Redes5G.mp4 
2020-10-25 03:14:15 INFO     SERVER thread #0: tiempo del envío 1.6332895755767822
2020-10-25 03:14:25 INFO     Message received from client: b'Hello UDP Server, I am ready'. IP: 169.254.231.225, port: 63366
2020-10-25 03:14:25 INFO     SERVER thread #0: iniciando
2020-10-25 03:14:25 INFO     SERVER: reiniciando threads
2020-10-25 03:14:25 INFO     SERVER thread #0: el archivo abierto fue ./data/Redes5G.mp4 
2020-10-25 03:14:27 INFO     SERVER thread #0: tiempo del envío 1.7228717803955078
2020-10-25 03:14:37 INFO     Message received from client: b'Hello UDP Server, I am ready'. IP: 169.254.231.225, port: 62328
2020-10-25 03:14:37 INFO     SERVER thread #0: iniciando
2020-10-25 03:14:37 INFO     SERVER: reiniciando threads
2020-10-25 03:14:37 INFO     SERVER thread #0: el archivo abierto fue ./data/Redes5G.mp4 
2020-10-25 03:14:38 INFO     SERVER thread #0: tiempo del envío 1.5338847637176514
2020-10-25 03:16:40 INFO     Message received from client: b'Hello UDP Server, I am ready'. IP: 169.254.231.225, port: 51987
2020-10-25 03:16:40 INFO     SERVER thread #0: iniciando
2020-10-25 03:16:40 INFO     SERVER: reiniciando threads
2020-10-25 03:16:40 INFO     SERVER thread #0: el archivo abierto fue ./data/Redes5G.mp4 
2020-10-25 03:16:42 INFO     SERVER thread #0: tiempo del envío 1.7561352252960205
2020-10-25 03:21:38 INFO     Connected to DESKTOP-RAFRA5C on port 50000
2020-10-25 03:21:39 INFO     SERVER: el número de conexiones definido es 1
2020-10-25 03:21:45 INFO     Message received from client: b'Archivo: incorrecto'. IP: 169.254.231.225, port: 55099
2020-10-25 03:21:45 INFO     SERVER thread #0: iniciando
2020-10-25 03:21:45 INFO     SERVER: reiniciando threads
2020-10-25 03:21:45 INFO     SERVER thread #0: el archivo abierto fue ./data/Redes5G.mp4 
2020-10-25 03:21:46 INFO     SERVER thread #0: tiempo del envío 1.3499469757080078
2020-10-25 03:23:12 INFO     Connected to DESKTOP-RAFRA5C on port 50000
2020-10-25 03:23:14 INFO     SERVER: el número de conexiones definido es 1
2020-10-25 03:23:38 INFO     Message received from client: b'Archivo: incorrecto'. IP: 169.254.231.225, port: 53660
2020-10-25 03:23:38 INFO     SERVER thread #0: iniciando
2020-10-25 03:23:38 INFO     SERVER: reiniciando threads
2020-10-25 03:23:38 INFO     SERVER thread #0: el archivo abierto fue ./data/Redes5G.mp4 
2020-10-25 03:23:40 INFO     SERVER thread #0: tiempo del envío 1.4733922481536865
2020-10-25 03:25:09 INFO     Connected to DESKTOP-RAFRA5C on port 50000
2020-10-25 03:25:10 INFO     SERVER: el número de conexiones definido es 1
2020-10-25 03:25:13 INFO     Message received from client: b'Hello UDP Server, I am ready'. IP: 169.254.231.225, port: 64537
2020-10-25 03:25:13 INFO     SERVER thread #0: iniciando
2020-10-25 03:25:13 INFO     SERVER: reiniciando threads
2020-10-25 03:25:13 INFO     SERVER thread #0: el archivo abierto fue ./data/Redes5G.mp4 
2020-10-25 03:25:13 INFO     Message received from client: b'Archivo: incorrecto'. IP: 169.254.231.225, port: 64537
2020-10-25 03:25:13 INFO     SERVER thread #0: iniciando
2020-10-25 03:25:13 INFO     SERVER: reiniciando threads
2020-10-25 03:25:13 INFO     SERVER thread #0: el archivo abierto fue ./data/Redes5G.mp4 
2020-10-25 03:25:15 INFO     SERVER thread #0: tiempo del envío 1.659057378768921
2020-10-25 03:25:15 INFO     SERVER thread #0: tiempo del envío 1.6640372276306152
2020-10-25 03:25:56 INFO     Connected to DESKTOP-RAFRA5C on port 50000
2020-10-25 03:25:57 INFO     SERVER: el número de conexiones definido es 1
2020-10-25 03:26:01 INFO     Message received from client: b'Hello UDP Server, I am ready'. IP: 169.254.231.225, port: 55866
2020-10-25 03:26:01 INFO     SERVER thread #0: iniciando
2020-10-25 03:26:01 INFO     SERVER: reiniciando threads
2020-10-25 03:26:01 INFO     SERVER thread #0: el archivo abierto fue ./data/Redes5G.mp4 
2020-10-25 03:26:01 INFO     Message received from client: b'Archivo: incorrecto'. IP: 169.254.231.225, port: 55866
2020-10-25 03:26:01 INFO     SERVER thread #0: iniciando
2020-10-25 03:26:01 INFO     SERVER: reiniciando threads
2020-10-25 03:26:01 INFO     SERVER thread #0: el archivo abierto fue ./data/Redes5G.mp4 
2020-10-25 03:26:03 INFO     SERVER thread #0: tiempo del envío 1.611464262008667
2020-10-25 03:26:03 INFO     SERVER thread #0: tiempo del envío 1.7012183666229248
2020-10-25 03:26:49 INFO     Connected to DESKTOP-RAFRA5C on port 50000
2020-10-25 03:26:50 INFO     SERVER: el número de conexiones definido es 1
2020-10-25 03:26:53 INFO     Message received from client: b'Hello UDP Server, I am ready'. IP: 169.254.231.225, port: 55896
2020-10-25 03:26:53 INFO     SERVER thread #0: iniciando
2020-10-25 03:26:53 INFO     SERVER: reiniciando threads
2020-10-25 03:26:53 INFO     SERVER thread #0: el archivo abierto fue ./data/Redes5G.mp4 
2020-10-25 03:26:53 INFO     Message received from client: b'Archivo: incorrecto'. IP: 169.254.231.225, port: 55896
2020-10-25 03:26:53 INFO     SERVER thread #0: iniciando
2020-10-25 03:26:53 INFO     SERVER: reiniciando threads
2020-10-25 03:26:53 INFO     SERVER thread #0: el archivo abierto fue ./data/Redes5G.mp4 
2020-10-25 03:26:54 INFO     SERVER thread #0: tiempo del envío 1.589043378829956
2020-10-25 03:26:55 INFO     SERVER thread #0: tiempo del envío 1.646902084350586
2020-10-25 03:27:24 INFO     Connected to DESKTOP-RAFRA5C on port 50000
2020-10-25 03:27:26 INFO     SERVER: el número de conexiones definido es 1
2020-10-25 03:27:28 INFO     Message received from client: b'Hello UDP Server, I am ready'. IP: 169.254.231.225, port: 58524
2020-10-25 03:27:28 INFO     SERVER thread #0: iniciando
2020-10-25 03:27:28 INFO     SERVER: reiniciando threads
2020-10-25 03:27:28 INFO     SERVER thread #0: el archivo abierto fue ./data/Redes5G.mp4 
2020-10-25 03:27:28 INFO     Message received from client: b'Archivo: incorrecto'. IP: 169.254.231.225, port: 58524
2020-10-25 03:27:28 INFO     SERVER thread #0: iniciando
2020-10-25 03:27:28 INFO     SERVER: reiniciando threads
2020-10-25 03:27:28 INFO     SERVER thread #0: el archivo abierto fue ./data/Redes5G.mp4 
2020-10-25 03:27:30 INFO     SERVER thread #0: tiempo del envío 1.64310884475708
2020-10-25 03:27:30 INFO     SERVER thread #0: tiempo del envío 1.6770169734954834
2020-10-25 03:27:37 INFO     Connected to DESKTOP-RAFRA5C on port 50000
2020-10-25 03:27:38 INFO     SERVER: el número de conexiones definido es 1
2020-10-25 03:27:42 INFO     Message received from client: b'Hello UDP Server, I am ready'. IP: 169.254.231.225, port: 55015
2020-10-25 03:27:42 INFO     SERVER thread #0: iniciando
2020-10-25 03:27:42 INFO     SERVER: reiniciando threads
2020-10-25 03:27:43 INFO     SERVER thread #0: el archivo abierto fue ./data/Redes5G.mp4 
2020-10-25 03:27:43 INFO     Message received from client: b'Archivo: incorrecto'. IP: 169.254.231.225, port: 55015
2020-10-25 03:27:43 INFO     SERVER thread #0: iniciando
2020-10-25 03:27:43 INFO     SERVER: reiniciando threads
2020-10-25 03:27:43 INFO     SERVER thread #0: el archivo abierto fue ./data/Redes5G.mp4 
2020-10-25 03:27:44 INFO     SERVER thread #0: tiempo del envío 1.6125328540802002
2020-10-25 03:27:44 INFO     SERVER thread #0: tiempo del envío 1.6165194511413574
2020-10-25 03:28:00 INFO     Connected to DESKTOP-RAFRA5C on port 50000
2020-10-25 03:28:01 INFO     SERVER: el número de conexiones definido es 1
2020-10-25 03:28:05 INFO     Message received from client: b'Hello UDP Server, I am ready'. IP: 169.254.231.225, port: 57102
2020-10-25 03:28:05 INFO     SERVER thread #0: iniciando
2020-10-25 03:28:05 INFO     SERVER: reiniciando threads
2020-10-25 03:28:05 INFO     SERVER thread #0: el archivo abierto fue ./data/Redes5G.mp4 
2020-10-25 03:28:05 INFO     Message received from client: b'Archivo: incorrecto'. IP: 169.254.231.225, port: 57102
2020-10-25 03:28:05 INFO     SERVER thread #0: iniciando
2020-10-25 03:28:05 INFO     SERVER: reiniciando threads
2020-10-25 03:28:05 INFO     SERVER thread #0: el archivo abierto fue ./data/Redes5G.mp4 
2020-10-25 03:28:06 INFO     SERVER thread #0: tiempo del envío 1.6124656200408936
2020-10-25 03:28:06 INFO     SERVER thread #0: tiempo del envío 1.7002294063568115
2020-10-25 03:29:15 INFO     Connected to DESKTOP-RAFRA5C on port 50000
2020-10-25 03:29:16 INFO     SERVER: el número de conexiones definido es 1
2020-10-25 03:29:19 INFO     Message received from client: b'Hello UDP Server, I am ready'. IP: 169.254.231.225, port: 53923
2020-10-25 03:29:19 INFO     SERVER thread #0: iniciando
2020-10-25 03:29:19 INFO     SERVER: reiniciando threads
2020-10-25 03:29:19 INFO     SERVER thread #0: el archivo abierto fue ./data/Redes5G.mp4 
2020-10-25 03:29:19 INFO     Message received from client: b'Archivo: incorrecto'. IP: 169.254.231.225, port: 53923
2020-10-25 03:29:19 INFO     SERVER thread #0: iniciando
2020-10-25 03:29:19 INFO     SERVER: reiniciando threads
2020-10-25 03:29:19 INFO     SERVER thread #0: el archivo abierto fue ./data/Redes5G.mp4 
2020-10-25 03:29:21 INFO     SERVER thread #0: tiempo del envío 1.6908278465270996
2020-10-25 03:29:21 INFO     SERVER thread #0: tiempo del envío 1.7194812297821045
2020-10-25 03:29:52 INFO     Connected to DESKTOP-RAFRA5C on port 50000
2020-10-25 03:29:52 INFO     SERVER: el número de conexiones definido es 1
2020-10-25 03:29:55 INFO     Message received from client: b'Hello UDP Server, I am ready'. IP: 169.254.231.225, port: 53431
2020-10-25 03:29:55 INFO     SERVER thread #0: iniciando
2020-10-25 03:29:55 INFO     SERVER: reiniciando threads
2020-10-25 03:29:55 INFO     SERVER thread #0: el archivo abierto fue ./data/Redes5G.mp4 
2020-10-25 03:29:57 INFO     SERVER thread #0: tiempo del envío 1.6542699337005615
2020-10-25 03:30:13 INFO     Connected to DESKTOP-RAFRA5C on port 50000
2020-10-25 03:30:14 INFO     SERVER: el número de conexiones definido es 1
2020-10-25 03:30:24 INFO     Message received from client: b'Hello UDP Server, I am ready'. IP: 169.254.231.225, port: 65069
2020-10-25 03:30:24 INFO     SERVER thread #0: iniciando
2020-10-25 03:30:24 INFO     SERVER: reiniciando threads
2020-10-25 03:30:24 INFO     SERVER thread #0: el archivo abierto fue ./data/Redes5G.mp4 
2020-10-25 03:30:26 INFO     SERVER thread #0: tiempo del envío 1.691744089126587
2020-10-25 03:30:58 INFO     Message received from client: b'Hello UDP Server, I am ready'. IP: 169.254.231.225, port: 60161
2020-10-25 03:30:58 INFO     SERVER thread #0: iniciando
2020-10-25 03:30:58 INFO     SERVER: reiniciando threads
2020-10-25 03:30:58 INFO     SERVER thread #0: el archivo abierto fue ./data/Redes5G.mp4 
2020-10-25 03:30:59 INFO     SERVER thread #0: tiempo del envío 1.7063484191894531
2020-10-25 03:31:46 INFO     SERVER thread #b'Hello UDP Server, I am ready'. Cliente: 
2020-10-25 03:32:29 INFO     Message received from client: b'Hello UDP Server, I am ready'. IP: 169.254.231.225, port: 51735
2020-10-25 03:32:29 INFO     SERVER thread #0: iniciando
2020-10-25 03:32:29 INFO     SERVER: reiniciando threads
2020-10-25 03:32:29 INFO     SERVER thread #0: el archivo abierto fue ./data/Redes5G.mp4 
2020-10-25 03:32:31 INFO     SERVER thread #0: tiempo del envío 1.6165533065795898
2020-10-25 03:33:42 INFO     SERVER thread #b'Hello UDP Server, I am ready'. Cliente: 
2020-10-25 03:34:21 INFO     Message received from client: b'Hello UDP Server, I am ready'. IP: 169.254.231.225, port: 56427
2020-10-25 03:34:21 INFO     SERVER thread #0: iniciando
2020-10-25 03:34:21 INFO     SERVER: reiniciando threads
2020-10-25 03:34:21 INFO     SERVER thread #0: el archivo abierto fue ./data/Redes5G.mp4 
2020-10-25 03:34:22 INFO     SERVER thread #0: tiempo del envío 1.6296749114990234
2020-10-25 03:34:23 INFO     SERVER thread #b'Archivo: incorrecto'. Cliente: 
2020-10-25 03:35:57 INFO     Message received from client: b'Hello UDP Server, I am ready'. IP: 169.254.231.225, port: 61958
2020-10-25 03:35:57 INFO     SERVER thread #0: iniciando
2020-10-25 03:35:57 INFO     SERVER: reiniciando threads
2020-10-25 03:35:57 INFO     SERVER thread #0: el archivo abierto fue ./data/Redes5G.mp4 
2020-10-25 03:35:58 INFO     SERVER thread #0: tiempo del envío 1.5434415340423584
2020-10-25 03:35:59 INFO     SERVER thread #b'Archivo: incorrecto'. Cliente: 
2020-10-25 03:37:36 INFO     Message received from client: b'Hello UDP Server, I am ready'. IP: 169.254.231.225, port: 60922
2020-10-25 03:37:36 INFO     SERVER thread #0: iniciando
2020-10-25 03:37:36 INFO     SERVER: reiniciando threads
2020-10-25 03:37:36 INFO     SERVER thread #0: el archivo abierto fue ./data/Redes5G.mp4 
2020-10-25 03:37:37 INFO     SERVER thread #0: tiempo del envío 1.5160396099090576
2020-10-25 03:41:55 INFO     Connected to DESKTOP-RAFRA5C on port 50000
2020-10-25 03:41:57 INFO     SERVER: el número de conexiones definido es 1
2020-10-25 03:42:04 INFO     Message received from client: b'Hello UDP Server, I am ready'. IP: 169.254.231.225, port: 63149
2020-10-25 03:42:04 INFO     SERVER thread #0: iniciando
2020-10-25 03:42:04 INFO     SERVER: reiniciando threads
2020-10-25 03:42:04 INFO     SERVER thread #0: el archivo abierto fue ./data/Redes5G.mp4 
2020-10-25 03:42:06 INFO     SERVER thread #0: tiempo del envío 1.6063451766967773
2020-10-25 03:42:12 INFO     Message received from client: b'Hello UDP Server, I am ready'. IP: 169.254.231.225, port: 63152
2020-10-25 03:42:12 INFO     SERVER thread #0: iniciando
2020-10-25 03:42:12 INFO     SERVER: reiniciando threads
2020-10-25 03:42:12 INFO     SERVER thread #0: el archivo abierto fue ./data/Redes5G.mp4 
2020-10-25 03:42:13 INFO     SERVER thread #0: tiempo del envío 1.45866060256958
